Started GET "/" for 127.0.0.1 at 2017-06-04 16:58:49 +0200
  [1m[35m (35.5ms)[0m  [1m[34mSELECT "schema_migrations"."version" FROM "schema_migrations" ORDER BY "schema_migrations"."version" ASC[0m
Processing by ArtistsController#index as HTML
  Rendering artists/index.html.erb within layouts/application
  [1m[36mArtist Load (56.8ms)[0m  [1m[34mSELECT "artists".* FROM "artists"[0m
  Rendered artists/index.html.erb within layouts/application (100.1ms)
Completed 200 OK in 1765ms (Views: 1693.1ms | ActiveRecord: 60.0ms)


Started GET "/artists/5" for 127.0.0.1 at 2017-06-04 16:58:54 +0200
Processing by ArtistsController#show as HTML
  Parameters: {"id"=>"5"}
  [1m[36mArtist Load (0.3ms)[0m  [1m[34mSELECT  "artists".* FROM "artists" WHERE "artists"."id" = $1 LIMIT $2[0m  [["id", 5], ["LIMIT", 1]]
  Rendering artists/show.html.erb within layouts/application
  [1m[36mSong Exists (50.0ms)[0m  [1m[34mSELECT  1 AS one FROM "songs" WHERE "songs"."artist_id" = $1 LIMIT $2[0m  [["artist_id", 5], ["LIMIT", 1]]
  [1m[36mSong Load (0.4ms)[0m  [1m[34mSELECT "songs".* FROM "songs" WHERE "songs"."artist_id" = $1[0m  [["artist_id", 5]]
  Rendered artists/show.html.erb within layouts/application (112.3ms)
Completed 200 OK in 166ms (Views: 92.0ms | ActiveRecord: 53.3ms)


Started GET "/songs/5" for 127.0.0.1 at 2017-06-04 16:58:56 +0200
Processing by SongsController#show as HTML
  Parameters: {"id"=>"5"}
  [1m[36mSong Load (1.7ms)[0m  [1m[34mSELECT  "songs".* FROM "songs" WHERE "songs"."id" = $1 LIMIT $2[0m  [["id", 5], ["LIMIT", 1]]
  Rendering songs/show.html.erb within layouts/application
  Rendered songs/show.html.erb within layouts/application (1.8ms)
Completed 200 OK in 42ms (Views: 35.6ms | ActiveRecord: 1.7ms)


Started GET "/songs/5/edit" for 127.0.0.1 at 2017-06-04 17:04:02 +0200
Processing by SongsController#edit as HTML
  Parameters: {"id"=>"5"}
  [1m[36mSong Load (0.2ms)[0m  [1m[34mSELECT  "songs".* FROM "songs" WHERE "songs"."id" = $1 LIMIT $2[0m  [["id", 5], ["LIMIT", 1]]
  Rendering songs/edit.html.erb within layouts/application
  [1m[36mArtist Load (0.3ms)[0m  [1m[34mSELECT "artists".* FROM "artists"[0m
  Rendered songs/_form.html.erb (715.2ms) [cache miss]
  Rendered songs/edit.html.erb within layouts/application (716.2ms)
Completed 200 OK in 750ms (Views: 729.4ms | ActiveRecord: 5.4ms)


Started GET "/songs" for 127.0.0.1 at 2017-06-04 17:04:08 +0200
Processing by SongsController#index as HTML
  Rendering songs/index.html.erb within layouts/application
  [1m[36mSong Load (0.5ms)[0m  [1m[34mSELECT "songs".* FROM "songs" ORDER BY name asc[0m
  Rendered songs/index.html.erb within layouts/application (2.5ms)
Completed 200 OK in 19ms (Views: 17.5ms | ActiveRecord: 0.5ms)


Started GET "/songs?direction=desc&sort=name" for 127.0.0.1 at 2017-06-04 17:04:09 +0200
Processing by SongsController#index as HTML
  Parameters: {"direction"=>"desc", "sort"=>"name"}
  Rendering songs/index.html.erb within layouts/application
  [1m[36mSong Load (0.4ms)[0m  [1m[34mSELECT "songs".* FROM "songs" ORDER BY name desc[0m
  Rendered songs/index.html.erb within layouts/application (2.5ms)
Completed 200 OK in 29ms (Views: 27.4ms | ActiveRecord: 0.4ms)


Started GET "/songs?direction=asc&sort=name" for 127.0.0.1 at 2017-06-04 17:04:10 +0200
Processing by SongsController#index as HTML
  Parameters: {"direction"=>"asc", "sort"=>"name"}
  Rendering songs/index.html.erb within layouts/application
  [1m[36mSong Load (0.4ms)[0m  [1m[34mSELECT "songs".* FROM "songs" ORDER BY name asc[0m
  Rendered songs/index.html.erb within layouts/application (2.5ms)
Completed 200 OK in 18ms (Views: 16.5ms | ActiveRecord: 0.4ms)


